빌드 시작: 2015-08-13 오후 12:35:53
     1>2 노드의 "C:\Users\B407-22\Desktop\1조 CanceBee\2015-08-12 chancebee ver1.23 찬섭&병훈\CreateDevice_2010.vcxproj" 프로젝트(Build 대상)입니다.
       프로젝트 파일에 ToolsVersion="12.0"이(가) 들어 있습니다. 이 도구 집합을 알 수 없거나 누락되었습니다. 이 도구 집합에 적합한 .NET Framework를 설치하면 이 문제를 해결할 수 있습니다. 프로젝트에 ToolsVersion="4.0"이 들어 있는 것으로 간주합니다.
     1>ClCompile:
         C:\Program Files\Microsoft Visual Studio 11.0\VC\bin\CL.exe /c /I"[Device]\[Sound]\IrrKlang\include" /IDXUT\Core /IDXUT\Optional /I"C:\Program Files\Visual Leak Detector\include" /ZI /nologo /W4 /WX- /Od /Oi /Oy- /D WIN32 /D _DEBUG /D DEBUG /D PROFILE /D _WINDOWS /D _MBCS /Gm- /EHsc /RTC1 /MTd /GS /arch:SSE2 /fp:fast /Zc:wchar_t /Zc:forScope /openmp- /Fo"Debug\\" /Fd"Debug\vc110.pdb" /Gd /TP /analyze- /errorReport:prompt  "[Game]\[Scene]\Scene_Manager.cpp"
         Scene_Manager.cpp
     1>c:\users\b407-22\desktop\1조 cancebee\2015-08-12 chancebee ver1.23 찬섭&병훈\[device]\define.h(25): warning C4005: 'D3DPTFILTERCAPS_MINFANISOTROPIC' : 매크로 재정의
                 c:\program files\microsoft directx sdk (june 2010)\include\d3d9caps.h(444) : 'D3DPTFILTERCAPS_MINFANISOTROPIC'의 이전 정의를 참조하십시오.
       Link:
         C:\Program Files\Microsoft Visual Studio 11.0\VC\bin\link.exe /ERRORREPORT:PROMPT /OUT:"C:\Users\B407-22\Desktop\1조 CanceBee\2015-08-12 chancebee ver1.23 찬섭&병훈\Debug\CreateDevice.exe" /INCREMENTAL /NOLOGO /LIBPATH:"[Device]\[Sound]\IrrKlang\lib\Win32-visualStudio" /LIBPATH:"C:\Program Files\Visual Leak Detector\lib\Win32" d3d9.lib d3dx10d.lib d3dx9d.lib dxerr.lib dxguid.lib winmm.lib comctl32.lib kernel32.lib user32.lib gdi32.lib winspool.lib comdlg32.lib advapi32.lib shell32.lib ole32.lib oleaut32.lib uuid.lib odbc32.lib odbccp32.lib /MANIFEST:NO /DEBUG /PDB:"C:\Users\B407-22\Desktop\1조 CanceBee\2015-08-12 chancebee ver1.23 찬섭&병훈\Debug\CreateDevice.pdb" /SUBSYSTEM:WINDOWS /LARGEADDRESSAWARE:NO /TLBID:1 /DYNAMICBASE /NXCOMPAT /IMPLIB:"C:\Users\B407-22\Desktop\1조 CanceBee\2015-08-12 chancebee ver1.23 찬섭&병훈\Debug\CreateDevice.lib" /MACHINE:X86 /SAFESEH  Debug\Main.obj
         Debug\Camera.obj
         Debug\D3Ddevice.obj
         Debug\FileLoader.obj
         Debug\FPS.obj
         Debug\InitDevice.obj
         Debug\timer.obj
         Debug\Sound.obj
         Debug\Collider.obj
         Debug\B_Char_ChanceBee.obj
         Debug\B_Enemy.obj
         Debug\Char_ChanceBee.obj
         Debug\Entity.obj
         Debug\Skill.obj
         Debug\Battle.obj
         Debug\Battle_Scene.obj
         Debug\Intro.obj
         Debug\Map.obj
         Debug\Menu.obj
         Debug\Scene_Manager.obj
         Debug\UI_Battle.obj
         Debug\UI_File_Loader.obj
         Debug\UI_Manager.obj
         Debug\UI_Map.obj
         Debug\UI_Text.obj
         Debug\UI_Text_Battle.obj
         Debug\Render.obj
         Debug\Sprite.obj
         Debug\Map_Scene.obj
         Debug\Map_Scene_Dynamic.obj
         Debug\Menu_Scene.obj
         CreateDevice_2010.vcxproj -> C:\Users\B407-22\Desktop\1조 CanceBee\2015-08-12 chancebee ver1.23 찬섭&병훈\Debug\CreateDevice.exe
     1>"C:\Users\B407-22\Desktop\1조 CanceBee\2015-08-12 chancebee ver1.23 찬섭&병훈\CreateDevice_2010.vcxproj" 프로젝트를 빌드했습니다(Build 대상).

빌드했습니다.

경과 시간: 00:00:04.38
